#
# A fatal error has been detected by the Java Runtime Environment:
#
#  SIGBUS (0xa) at pc=0x00007ff81b59071d, pid=4290, tid=259
#
# JRE version: OpenJDK Runtime Environment Temurin-17.0.4+8 (17.0.4+8) (build 17.0.4+8)
# Java VM: OpenJDK 64-Bit Server VM Temurin-17.0.4+8 (17.0.4+8, mixed mode, tiered, compressed oops, compressed class ptrs, g1 gc, bsd-amd64)
# Problematic frame:
# C  [libobjc.A.dylib+0x671d]  objc_msgSend+0x1d
#
# No core dump will be written. Core dumps have been disabled. To enable core dumping, try "ulimit -c unlimited" before starting Java again
#
# If you would like to submit a bug report, please visit:
#   https://github.com/adoptium/adoptium-support/issues
# The crash happened outside the Java Virtual Machine in native code.
# See problematic frame for where to report the bug.
#

---------------  S U M M A R Y ------------

Command Line: -Djava.library.path=/Users/shu-yelin/Documents/GitHub/Bitcamp-2023/libs/natives -Dfile.encoding=UTF-8 -XX:+ShowCodeDetailsInExceptionMessages engine.Main

Host: "Mac14,7" x86_64 (EMULATED) 2400 MHz, 8 cores, 8G, Darwin 21.5.0, macOS 10.16 (21F2081)
Time: Fri Apr  7 21:52:52 2023 EDT elapsed time: 1.022439 seconds (0d 0h 0m 1s)

---------------  T H R E A D  ---------------

Current thread (0x00007ff41789f000):  JavaThread "AppKit Thread" daemon [_thread_in_native, id=259, stack(0x0000000307e0b000,0x000000030860b000)]

Stack: [0x0000000307e0b000,0x000000030860b000],  sp=0x0000000308605e28,  free space=8171k
Native frames: (J=compiled Java code, j=interpreted, Vv=VM code, C=native code)
C  [libobjc.A.dylib+0x671d]  objc_msgSend+0x1d
C  [CoreFoundation+0x9764b]  __CFRunLoopDoTimers+0x133
C  [CoreFoundation+0x7deb2]  __CFRunLoopRun+0x7de
C  [CoreFoundation+0x7d014]  CFRunLoopRunSpecific+0x232
C  [HIToolbox+0x2e5e6]  RunCurrentEventLoopInMode+0x124
C  [HIToolbox+0x2e34a]  ReceiveNextEventCommon+0x252
C  [HIToolbox+0x2e0e5]  _BlockUntilNextEventMatchingListInModeWithFilter+0x46
C  [AppKit+0x3f1fd]  _DPSNextEvent+0x39f
C  [AppKit+0x3d8ba]  -[NSApplication(NSEvent) _nextEventMatchingEventMask:untilDate:inMode:dequeue:]+0x572
C  [libosxapp.dylib+0x24fa]  -[NSApplicationAWT nextEventMatchingMask:untilDate:inMode:dequeue:]+0x7a
C  [AppKit+0x2ff69]  -[NSApplication run]+0x24a
C  [libosxapp.dylib+0x22c9]  +[NSApplicationAWT runAWTLoopWithApp:]+0xb9
C  [libawt_lwawt.dylib+0x718e8]  +[AWTStarter starter:headless:]+0x208
C  [libosxapp.dylib+0x400f]  +[ThreadUtilities invokeBlockCopy:]+0xf
C  [Foundation+0x81557]  __NSThreadPerformPerform+0xb3
C  [CoreFoundation+0x7f35a]  __CFRUNLOOP_IS_CALLING_OUT_TO_A_SOURCE0_PERFORM_FUNCTION__+0x11
C  [CoreFoundation+0x7f2c2]  __CFRunLoopDoSource0+0xb4
C  [CoreFoundation+0x7f040]  __CFRunLoopDoSources0+0xf2
C  [CoreFoundation+0x7da50]  __CFRunLoopRun+0x37c
C  [CoreFoundation+0x7d014]  CFRunLoopRunSpecific+0x232
C  [libjli.dylib+0x6e82]  CreateExecutionEnvironment+0x192
C  [libjli.dylib+0x26a8]  JLI_Launch+0x5d8
C  [java+0xc0e]  main+0x19e
C  0x00000002023ea51e


siginfo: si_signo: 10 (SIGBUS), si_code: 2 (BUS_ADRERR), si_addr: 0x0000001fdca00018

Register to memory mapping:

RAX=0x6f4c001fdca00002 is an unknown value
RBX=0x0701dd120d6d9f12 is an unknown value
RCX=0x00007ff85cc857b0: OBJC_CLASS_$___NSCFSet+0 in /System/Library/Frameworks/CoreFoundation.framework/Versions/A/CoreFoundation at 0x00007ff81b744000
RDX=0x0000001d00002b80 is an unknown value
RSP=0x0000000308605e28 is pointing into the stack for thread: 0x00007ff41789f000
RBP=0x0000000308606ed0 is pointing into the stack for thread: 0x00007ff41789f000
RSI=0x00007ff835d9c7c1: <offset 0x1a8127c1> in /usr/lib/libobjc.A.dylib at 0x00007ff81b58a000
RDI=0x00006000005959e0 points into unknown readable memory: 0x6f4c001fdca00002 | 02 00 a0 dc 1f 00 4c 6f
R8 =0x0000000000000007 is an unknown value
R9 =0x00000000000020a8 is an unknown value
R10=0x0000001fdca00000 is an unknown value
R11=0x00007ff835d9c7c1: <offset 0x1a8127c1> in /usr/lib/libobjc.A.dylib at 0x00007ff81b58a000
R12=0x00000efaeaf69f12 is an unknown value
R13=0x0000600003ec92d8 points into unknown readable memory: 0x000000004d555458 | 58 54 55 4d 00 00 00 00
R14=0x0701ce1722770000 is an unknown value
R15=0x0000600003ec92c0 points into unknown readable memory: 0x011dfff85cc84b09 | 09 4b c8 5c f8 ff 1d 01


Registers:
RAX=0x6f4c001fdca00002, RBX=0x0701dd120d6d9f12, RCX=0x00007ff85cc857b0, RDX=0x0000001d00002b80
RSP=0x0000000308605e28, RBP=0x0000000308606ed0, RSI=0x00007ff835d9c7c1, RDI=0x00006000005959e0
R8 =0x0000000000000007, R9 =0x00000000000020a8, R10=0x0000001fdca00000, R11=0x00007ff835d9c7c1
R12=0x00000efaeaf69f12, R13=0x0000600003ec92d8, R14=0x0701ce1722770000, R15=0x0000600003ec92c0
RIP=0x00007ff81b59071d, EFLAGS=0x0000000000000247, ERR=0x0000000000000004
  TRAPNO=0x000000000000000e

Top of Stack: (sp=0x0000000308605e28)
0x0000000308605e28:   00007ff81b7dbc5e 00000efaeaf69f12
0x0000000308605e38:   00006000030d8000 41e77f03c0000000
0x0000000308605e48:   00006000037dc010 00006000037dc0c0
0x0000000308605e58:   0701dd120d6d9f12 00006000037dc000
0x0000000308605e68:   00006000037dc000 0000000000000000
0x0000000308605e78:   0000000000000000 0000000000000000
0x0000000308605e88:   0000000000000000 0000000000000000
0x0000000308605e98:   0000000000000000 0000000000000000
0x0000000308605ea8:   0000000000000000 0000000000000000
0x0000000308605eb8:   0000000000000000 0000000000000000
0x0000000308605ec8:   0000000000000000 0000000000000000
0x0000000308605ed8:   0000000000000000 0000000000000000
0x0000000308605ee8:   00007ff81b5a627e 00007ff835e56024
0x0000000308605ef8:   0000600001e9f3c0 00007ff81b3dc000
0x0000000308605f08:   00007ff85cc5f2e0 0000000000000003
0x0000000308605f18:   00007ff81e641141 00000000ffdd7c10
0x0000000308605f28:   00007ff85cc5f2f0 00000003086064d0
0x0000000308605f38:   00007ff81b591a57 0000000000000000
0x0000000308605f48:   0000000000000000 0000000000000000
0x0000000308605f58:   0000000000000000 0000000000000000
0x0000000308605f68:   0000000000000000 0000000000000000
0x0000000308605f78:   0000000000000000 0000000000000000
0x0000000308605f88:   0000000000000000 0000000000000000
0x0000000308605f98:   0000000000000000 0000000000000003
0x0000000308605fa8:   0000600001e9c000 000000010a7a9000
0x0000000308605fb8:   0000600001e9f380 0000004000000000
0x0000000308605fc8:   0000000000000003 0000000000000003
0x0000000308605fd8:   000000010a7a9000 000000010a7a9600
0x0000000308605fe8:   0000000000000007 0000000308606050
0x0000000308605ff8:   00007ff81b51876a 0000000000000000
0x0000000308606008:   0000000000000007 0000000000000000
0x0000000308606018:   0000000000000040 0000000000000001 

Instructions: (pc=0x00007ff81b59071d)
0x00007ff81b59061d:   7a 8a 41 ff 25 2a 9b e6 3f f6 41 1c 01 74 ca 48
0x00007ff81b59062d:   89 f8 c3 48 8b 05 f9 2c 86 41 ff e0 90 90 90 90
0x00007ff81b59063d:   90 90 90 31 c0 31 d2 0f 57 c0 0f 57 c9 c3 90 d9
0x00007ff81b59064d:   ee 31 c0 31 d2 0f 57 c0 0f 57 c9 c3 0f 1f 00 d9
0x00007ff81b59065d:   ee d9 ee 31 c0 31 d2 0f 57 c0 0f 57 c9 c3 90 48
0x00007ff81b59066d:   89 f8 c3 49 89 fa 49 89 f3 45 23 5a 18 49 c1 e3
0x00007ff81b59067d:   04 4d 03 5a 10 49 3b 33 75 0e 49 8b 43 08 48 83
0x00007ff81b59068d:   f8 00 74 03 4c 31 d0 c3 49 83 3b 01 76 17 49 83
0x00007ff81b59069d:   c3 10 49 3b 33 75 f1 49 8b 43 08 48 83 f8 00 74
0x00007ff81b5906ad:   03 4c 31 d0 c3 72 25 4d 8b 5b 08 eb 0a 49 83 3b
0x00007ff81b5906bd:   01 76 17 49 83 c3 10 49 3b 33 75 f1 49 8b 43 08
0x00007ff81b5906cd:   48 83 f8 00 74 03 4c 31 d0 c3 eb 00 31 c0 c3 66
0x00007ff81b5906dd:   2e 0f 1f 84 00 00 00 00 00 66 2e 0f 1f 84 00 00
0x00007ff81b5906ed:   00 00 00 66 2e 0f 1f 84 00 00 00 00 00 66 0f 1f
0x00007ff81b5906fd:   44 00 00 48 85 ff 2e 74 72 40 f6 c7 01 2e 75 76
0x00007ff81b59070d:   49 ba f8 ff ff ff ff 7f 00 00 4c 23 17 49 89 f3
0x00007ff81b59071d:   45 23 5a 18 49 c1 e3 04 4d 03 5a 10 49 3b 33 75
0x00007ff81b59072d:   0a 4d 8b 5b 08 4d 31 d3 41 ff e3 49 83 3b 01 76
0x00007ff81b59073d:   13 49 83 c3 10 49 3b 33 75 f1 4d 8b 5b 08 4d 31
0x00007ff81b59074d:   d3 41 ff e3 72 70 4d 8b 5b 08 eb 0a 49 83 3b 01
0x00007ff81b59075d:   76 13 49 83 c3 10 49 3b 33 75 f1 4d 8b 5b 08 4d
0x00007ff81b59076d:   31 d3 41 ff e3 eb 4f 0f 1f 40 00 31 c0 31 d2 0f
0x00007ff81b59077d:   57 c0 0f 57 c9 c3 41 89 fb 41 83 e3 0f 4c 8d 15
0x00007ff81b59078d:   6f 22 86 41 4f 8b 14 da 4c 8d 1d 3c 21 86 41 4d
0x00007ff81b59079d:   39 d3 0f 85 75 ff ff ff 41 89 fb 41 c1 eb 04 41
0x00007ff81b5907ad:   81 e3 ff 00 00 00 4c 8d 15 c6 22 86 41 4f 8b 14
0x00007ff81b5907bd:   da e9 57 ff ff ff e9 88 0a 00 00 66 2e 0f 1f 84
0x00007ff81b5907cd:   00 00 00 00 00 66 2e 0f 1f 84 00 00 00 00 00 66
0x00007ff81b5907dd:   2e 0f 1f 84 00 00 00 00 00 66 2e 0f 1f 84 00 00
0x00007ff81b5907ed:   00 00 00 66 2e 0f 1f 84 00 00 00 00 00 66 0f 1f
0x00007ff81b5907fd:   44 00 00 48 85 ff 2e 74 6a 40 f6 c7 01 2e 75 6b
0x00007ff81b59080d:   49 ba f8 ff ff ff ff 7f 00 00 4c 23 17 49 89 f3 


Stack slot to memory mapping:
stack at sp + 0 slots: 0x00007ff81b7dbc5e: __CFRunLoopDoTimer+0x512 in /System/Library/Frameworks/CoreFoundation.framework/Versions/A/CoreFoundation at 0x00007ff81b744000
stack at sp + 1 slots: 0x00000efaeaf69f12 is an unknown value
stack at sp + 2 slots: 0x00006000030d8000 points into unknown readable memory: 0x011dfff85cc85081 | 81 50 c8 5c f8 ff 1d 01
stack at sp + 3 slots: 0x41e77f03c0000000 is an unknown value
stack at sp + 4 slots: 0x00006000037dc010 points into unknown readable memory: 0x000000004d555458 | 58 54 55 4d 00 00 00 00
stack at sp + 5 slots: 0x00006000037dc0c0 points into unknown readable memory: 0x000000004d555458 | 58 54 55 4d 00 00 00 00
stack at sp + 6 slots: 0x0701dd120d6d9f12 is an unknown value
stack at sp + 7 slots: 0x00006000037dc000 points into unknown readable memory: 0x011dfff85cc85081 | 81 50 c8 5c f8 ff 1d 01


---------------  P R O C E S S  ---------------

Threads class SMR info:
_java_thread_list=0x0000600000bf2e20, length=13, elements={
0x00007ff417812000, 0x00007ff41701de00, 0x00007ff41683d000, 0x00007ff41701d600,
0x00007ff41702bc00, 0x00007ff417013a00, 0x00007ff41701fe00, 0x00007ff415808c00,
0x00007ff415809200, 0x00007ff417894400, 0x00007ff417897000, 0x00007ff41789f000,
0x00007ff4168e6e00
}

Java Threads: ( => current thread )
  0x00007ff417812000 JavaThread "main" [_thread_in_native, id=7683, stack(0x000000030868e000,0x000000030878e000)]
  0x00007ff41701de00 JavaThread "Reference Handler" daemon [_thread_blocked, id=43335, stack(0x0000000308da3000,0x0000000308ea3000)]
  0x00007ff41683d000 JavaThread "Finalizer" daemon [_thread_blocked, id=23043, stack(0x0000000308ea6000,0x0000000308fa6000)]
  0x00007ff41701d600 JavaThread "Signal Dispatcher" daemon [_thread_blocked, id=40963, stack(0x000000030913f000,0x000000030923f000)]
  0x00007ff41702bc00 JavaThread "Service Thread" daemon [_thread_blocked, id=26115, stack(0x0000000309242000,0x0000000309342000)]
  0x00007ff417013a00 JavaThread "Monitor Deflation Thread" daemon [_thread_blocked, id=26371, stack(0x0000000309345000,0x0000000309445000)]
  0x00007ff41701fe00 JavaThread "C2 CompilerThread0" daemon [_thread_blocked, id=26627, stack(0x0000000309448000,0x0000000309548000)]
  0x00007ff415808c00 JavaThread "C1 CompilerThread0" daemon [_thread_blocked, id=26883, stack(0x000000030954b000,0x000000030964b000)]
  0x00007ff415809200 JavaThread "Sweeper thread" daemon [_thread_blocked, id=27139, stack(0x000000030964e000,0x000000030974e000)]
  0x00007ff417894400 JavaThread "Notification Thread" daemon [_thread_blocked, id=39731, stack(0x0000000309751000,0x0000000309851000)]
  0x00007ff417897000 JavaThread "Common-Cleaner" daemon [_thread_blocked, id=38939, stack(0x0000000309957000,0x0000000309a57000)]
=>0x00007ff41789f000 JavaThread "AppKit Thread" daemon [_thread_in_native, id=259, stack(0x0000000307e0b000,0x000000030860b000)]
  0x00007ff4168e6e00 JavaThread "AWT-Shutdown" [_thread_blocked, id=85043, stack(0x0000000309a5a000,0x0000000309b5a000)]

Other Threads:
  0x00007ff41620abb0 VMThread "VM Thread" [stack: 0x0000000308ca0000,0x0000000308da0000] [id=22019]
  0x00007ff41621ebf0 WatcherThread [stack: 0x0000000309854000,0x0000000309954000] [id=39171]
  0x00007ff4160071d0 GCTaskThread "GC Thread#0" [stack: 0x0000000308791000,0x0000000308891000] [id=19459]
  0x00007ff416205980 ConcurrentGCThread "G1 Main Marker" [stack: 0x0000000308894000,0x0000000308994000] [id=14851]
  0x00007ff416206200 ConcurrentGCThread "G1 Conc#0" [stack: 0x0000000308997000,0x0000000308a97000] [id=15619]
  0x00007ff416208a60 ConcurrentGCThread "G1 Refine#0" [stack: 0x0000000308a9a000,0x0000000308b9a000] [id=16387]
  0x00007ff416007780 ConcurrentGCThread "G1 Service" [stack: 0x0000000308b9d000,0x0000000308c9d000] [id=16899]

Threads with active compile tasks:

VM state: not at safepoint (normal execution)

VM Mutex/Monitor currently owned by a thread: None

Heap address: 0x0000000780000000, size: 2048 MB, Compressed Oops mode: Zero based, Oop shift amount: 3

CDS archive(s) not mapped
Compressed class space mapped at: 0x0000000800000000-0x0000000840000000, reserved size: 1073741824
Narrow klass base: 0x0000000800000000, Narrow klass shift: 0, Narrow klass range: 0x40000000

GC Precious Log:
 CPUs: 8 total, 8 available
 Memory: 8192M
 Large Page Support: Disabled
 NUMA Support: Disabled
 Compressed Oops: Enabled (Zero based)
 Heap Region Size: 1M
 Heap Min Capacity: 8M
 Heap Initial Capacity: 128M
 Heap Max Capacity: 2G
 Pre-touch: Disabled
 Parallel Workers: 8
 Concurrent Workers: 2
 Concurrent Refinement Workers: 8
 Periodic GC: Disabled

Heap:
 garbage-first heap   total 131072K, used 12288K [0x0000000780000000, 0x0000000800000000)
  region size 1024K, 13 young (13312K), 0 survivors (0K)
 Metaspace       used 10337K, committed 10560K, reserved 1064960K
  class space    used 872K, committed 960K, reserved 1048576K

Heap Regions: E=young(eden), S=young(survivor), O=old, HS=humongous(starts), HC=humongous(continues), CS=collection set, F=free, OA=open archive, CA=closed archive, TAMS=top-at-mark-start (previous, next)
|   0|0x0000000780000000, 0x0000000780000000, 0x0000000780100000|  0%| F|  |TAMS 0x0000000780000000, 0x0000000780000000| Untracked 
|   1|0x0000000780100000, 0x0000000780100000, 0x0000000780200000|  0%| F|  |TAMS 0x0000000780100000, 0x0000000780100000| Untracked 
|   2|0x0000000780200000, 0x0000000780200000, 0x0000000780300000|  0%| F|  |TAMS 0x0000000780200000, 0x0000000780200000| Untracked 
|   3|0x0000000780300000, 0x0000000780300000, 0x0000000780400000|  0%| F|  |TAMS 0x0000000780300000, 0x0000000780300000| Untracked 
|   4|0x0000000780400000, 0x0000000780400000, 0x0000000780500000|  0%| F|  |TAMS 0x0000000780400000, 0x0000000780400000| Untracked 
|   5|0x0000000780500000, 0x0000000780500000, 0x0000000780600000|  0%| F|  |TAMS 0x0000000780500000, 0x0000000780500000| Untracked 
|   6|0x0000000780600000, 0x0000000780600000, 0x0000000780700000|  0%| F|  |TAMS 0x0000000780600000, 0x0000000780600000| Untracked 
|   7|0x0000000780700000, 0x0000000780700000, 0x0000000780800000|  0%| F|  |TAMS 0x0000000780700000, 0x0000000780700000| Untracked 
|   8|0x0000000780800000, 0x0000000780800000, 0x0000000780900000|  0%| F|  |TAMS 0x0000000780800000, 0x0000000780800000| Untracked 
|   9|0x0000000780900000, 0x0000000780900000, 0x0000000780a00000|  0%| F|  |TAMS 0x0000000780900000, 0x0000000780900000| Untracked 
|  10|0x0000000780a00000, 0x0000000780a00000, 0x0000000780b00000|  0%| F|  |TAMS 0x0000000780a00000, 0x0000000780a00000| Untracked 
|  11|0x0000000780b00000, 0x0000000780b00000, 0x0000000780c00000|  0%| F|  |TAMS 0x0000000780b00000, 0x0000000780b00000| Untracked 
|  12|0x0000000780c00000, 0x0000000780c00000, 0x0000000780d00000|  0%| F|  |TAMS 0x0000000780c00000, 0x0000000780c00000| Untracked 
|  13|0x0000000780d00000, 0x0000000780d00000, 0x0000000780e00000|  0%| F|  |TAMS 0x0000000780d00000, 0x0000000780d00000| Untracked 
|  14|0x0000000780e00000, 0x0000000780e00000, 0x0000000780f00000|  0%| F|  |TAMS 0x0000000780e00000, 0x0000000780e00000| Untracked 
|  15|0x0000000780f00000, 0x0000000780f00000, 0x0000000781000000|  0%| F|  |TAMS 0x0000000780f00000, 0x0000000780f00000| Untracked 
|  16|0x0000000781000000, 0x0000000781000000, 0x0000000781100000|  0%| F|  |TAMS 0x0000000781000000, 0x0000000781000000| Untracked 
|  17|0x0000000781100000, 0x0000000781100000, 0x0000000781200000|  0%| F|  |TAMS 0x0000000781100000, 0x0000000781100000| Untracked 
|  18|0x0000000781200000, 0x0000000781200000, 0x0000000781300000|  0%| F|  |TAMS 0x0000000781200000, 0x0000000781200000| Untracked 
|  19|0x0000000781300000, 0x0000000781300000, 0x0000000781400000|  0%| F|  |TAMS 0x0000000781300000, 0x0000000781300000| Untracked 
|  20|0x0000000781400000, 0x0000000781400000, 0x0000000781500000|  0%| F|  |TAMS 0x0000000781400000, 0x0000000781400000| Untracked 
|  21|0x0000000781500000, 0x0000000781500000, 0x0000000781600000|  0%| F|  |TAMS 0x0000000781500000, 0x0000000781500000| Untracked 
|  22|0x0000000781600000, 0x0000000781600000, 0x0000000781700000|  0%| F|  |TAMS 0x0000000781600000, 0x0000000781600000| Untracked 
|  23|0x0000000781700000, 0x0000000781700000, 0x0000000781800000|  0%| F|  |TAMS 0x0000000781700000, 0x0000000781700000| Untracked 
|  24|0x0000000781800000, 0x0000000781800000, 0x0000000781900000|  0%| F|  |TAMS 0x0000000781800000, 0x0000000781800000| Untracked 
|  25|0x0000000781900000, 0x0000000781900000, 0x0000000781a00000|  0%| F|  |TAMS 0x0000000781900000, 0x0000000781900000| Untracked 
|  26|0x0000000781a00000, 0x0000000781a00000, 0x0000000781b00000|  0%| F|  |TAMS 0x0000000781a00000, 0x0000000781a00000| Untracked 
|  27|0x0000000781b00000, 0x0000000781b00000, 0x0000000781c00000|  0%| F|  |TAMS 0x0000000781b00000, 0x0000000781b00000| Untracked 
|  28|0x0000000781c00000, 0x0000000781c00000, 0x0000000781d00000|  0%| F|  |TAMS 0x0000000781c00000, 0x0000000781c00000| Untracked 
|  29|0x0000000781d00000, 0x0000000781d00000, 0x0000000781e00000|  0%| F|  |TAMS 0x0000000781d00000, 0x0000000781d00000| Untracked 
|  30|0x0000000781e00000, 0x0000000781e00000, 0x0000000781f00000|  0%| F|  |TAMS 0x0000000781e00000, 0x0000000781e00000| Untracked 
|  31|0x0000000781f00000, 0x0000000781f00000, 0x0000000782000000|  0%| F|  |TAMS 0x0000000781f00000, 0x0000000781f00000| Untracked 
|  32|0x0000000782000000, 0x0000000782000000, 0x0000000782100000|  0%| F|  |TAMS 0x0000000782000000, 0x0000000782000000| Untracked 
|  33|0x0000000782100000, 0x0000000782100000, 0x0000000782200000|  0%| F|  |TAMS 0x0000000782100000, 0x0000000782100000| Untracked 
|  34|0x0000000782200000, 0x0000000782200000, 0x0000000782300000|  0%| F|  |TAMS 0x0000000782200000, 0x0000000782200000| Untracked 
|  35|0x0000000782300000, 0x0000000782300000, 0x0000000782400000|  0%| F|  |TAMS 0x0000000782300000, 0x0000000782300000| Untracked 
|  36|0x0000000782400000, 0x0000000782400000, 0x0000000782500000|  0%| F|  |TAMS 0x0000000782400000, 0x0000000782400000| Untracked 
|  37|0x0000000782500000, 0x0000000782500000, 0x0000000782600000|  0%| F|  |TAMS 0x0000000782500000, 0x0000000782500000| Untracked 
|  38|0x0000000782600000, 0x0000000782600000, 0x0000000782700000|  0%| F|  |TAMS 0x0000000782600000, 0x0000000782600000| Untracked 
|  39|0x0000000782700000, 0x0000000782700000, 0x0000000782800000|  0%| F|  |TAMS 0x0000000782700000, 0x0000000782700000| Untracked 
|  40|0x0000000782800000, 0x0000000782800000, 0x0000000782900000|  0%| F|  |TAMS 0x0000000782800000, 0x0000000782800000| Untracked 
|  41|0x0000000782900000, 0x0000000782900000, 0x0000000782a00000|  0%| F|  |TAMS 0x0000000782900000, 0x0000000782900000| Untracked 
|  42|0x0000000782a00000, 0x0000000782a00000, 0x0000000782b00000|  0%| F|  |TAMS 0x0000000782a00000, 0x0000000782a00000| Untracked 
|  43|0x0000000782b00000, 0x0000000782b00000, 0x0000000782c00000|  0%| F|  |TAMS 0x0000000782b00000, 0x0000000782b00000| Untracked 
|  44|0x0000000782c00000, 0x0000000782c00000, 0x0000000782d00000|  0%| F|  |TAMS 0x0000000782c00000, 0x0000000782c00000| Untracked 
|  45|0x0000000782d00000, 0x0000000782d00000, 0x0000000782e00000|  0%| F|  |TAMS 0x0000000782d00000, 0x0000000782d00000| Untracked 
|  46|0x0000000782e00000, 0x0000000782e00000, 0x0000000782f00000|  0%| F|  |TAMS 0x0000000782e00000, 0x0000000782e00000| Untracked 
|  47|0x0000000782f00000, 0x0000000782f00000, 0x0000000783000000|  0%| F|  |TAMS 0x0000000782f00000, 0x0000000782f00000| Untracked 
|  48|0x0000000783000000, 0x0000000783000000, 0x0000000783100000|  0%| F|  |TAMS 0x0000000783000000, 0x0000000783000000| Untracked 
|  49|0x0000000783100000, 0x0000000783100000, 0x0000000783200000|  0%| F|  |TAMS 0x0000000783100000, 0x0000000783100000| Untracked 
|  50|0x0000000783200000, 0x0000000783200000, 0x0000000783300000|  0%| F|  |TAMS 0x0000000783200000, 0x0000000783200000| Untracked 
|  51|0x0000000783300000, 0x0000000783300000, 0x0000000783400000|  0%| F|  |TAMS 0x0000000783300000, 0x0000000783300000| Untracked 
|  52|0x0000000783400000, 0x0000000783400000, 0x0000000783500000|  0%| F|  |TAMS 0x0000000783400000, 0x0000000783400000| Untracked 
|  53|0x0000000783500000, 0x0000000783500000, 0x0000000783600000|  0%| F|  |TAMS 0x0000000783500000, 0x0000000783500000| Untracked 
|  54|0x0000000783600000, 0x0000000783600000, 0x0000000783700000|  0%| F|  |TAMS 0x0000000783600000, 0x0000000783600000| Untracked 
|  55|0x0000000783700000, 0x0000000783700000, 0x0000000783800000|  0%| F|  |TAMS 0x0000000783700000, 0x0000000783700000| Untracked 
|  56|0x0000000783800000, 0x0000000783800000, 0x0000000783900000|  0%| F|  |TAMS 0x0000000783800000, 0x0000000783800000| Untracked 
|  57|0x0000000783900000, 0x0000000783900000, 0x0000000783a00000|  0%| F|  |TAMS 0x0000000783900000, 0x0000000783900000| Untracked 
|  58|0x0000000783a00000, 0x0000000783a00000, 0x0000000783b00000|  0%| F|  |TAMS 0x0000000783a00000, 0x0000000783a00000| Untracked 
|  59|0x0000000783b00000, 0x0000000783b00000, 0x0000000783c00000|  0%| F|  |TAMS 0x0000000783b00000, 0x0000000783b00000| Untracked 
|  60|0x0000000783c00000, 0x0000000783c00000, 0x0000000783d00000|  0%| F|  |TAMS 0x0000000783c00000, 0x0000000783c00000| Untracked 
|  61|0x0000000783d00000, 0x0000000783d00000, 0x0000000783e00000|  0%| F|  |TAMS 0x0000000783d00000, 0x0000000783d00000| Untracked 
|  62|0x0000000783e00000, 0x0000000783e00000, 0x0000000783f00000|  0%| F|  |TAMS 0x0000000783e00000, 0x0000000783e00000| Untracked 
|  63|0x0000000783f00000, 0x0000000783f00000, 0x0000000784000000|  0%| F|  |TAMS 0x0000000783f00000, 0x0000000783f00000| Untracked 
|  64|0x0000000784000000, 0x0000000784000000, 0x0000000784100000|  0%| F|  |TAMS 0x0000000784000000, 0x0000000784000000| Untracked 
|  65|0x0000000784100000, 0x0000000784100000, 0x0000000784200000|  0%| F|  |TAMS 0x0000000784100000, 0x0000000784100000| Untracked 
|  66|0x0000000784200000, 0x0000000784200000, 0x0000000784300000|  0%| F|  |TAMS 0x0000000784200000, 0x0000000784200000| Untracked 
|  67|0x0000000784300000, 0x0000000784300000, 0x0000000784400000|  0%| F|  |TAMS 0x0000000784300000, 0x0000000784300000| Untracked 
|  68|0x0000000784400000, 0x0000000784400000, 0x0000000784500000|  0%| F|  |TAMS 0x0000000784400000, 0x0000000784400000| Untracked 
|  69|0x0000000784500000, 0x0000000784500000, 0x0000000784600000|  0%| F|  |TAMS 0x0000000784500000, 0x0000000784500000| Untracked 
|  70|0x0000000784600000, 0x0000000784600000, 0x0000000784700000|  0%| F|  |TAMS 0x0000000784600000, 0x0000000784600000| Untracked 
|  71|0x0000000784700000, 0x0000000784700000, 0x0000000784800000|  0%| F|  |TAMS 0x0000000784700000, 0x0000000784700000| Untracked 
|  72|0x0000000784800000, 0x0000000784800000, 0x0000000784900000|  0%| F|  |TAMS 0x0000000784800000, 0x0000000784800000| Untracked 
|  73|0x0000000784900000, 0x0000000784900000, 0x0000000784a00000|  0%| F|  |TAMS 0x0000000784900000, 0x0000000784900000| Untracked 
|  74|0x0000000784a00000, 0x0000000784a00000, 0x0000000784b00000|  0%| F|  |TAMS 0x0000000784a00000, 0x0000000784a00000| Untracked 
|  75|0x0000000784b00000, 0x0000000784b00000, 0x0000000784c00000|  0%| F|  |TAMS 0x0000000784b00000, 0x0000000784b00000| Untracked 
|  76|0x0000000784c00000, 0x0000000784c00000, 0x0000000784d00000|  0%| F|  |TAMS 0x0000000784c00000, 0x0000000784c00000| Untracked 
|  77|0x0000000784d00000, 0x0000000784d00000, 0x0000000784e00000|  0%| F|  |TAMS 0x0000000784d00000, 0x0000000784d00000| Untracked 
|  78|0x0000000784e00000, 0x0000000784e00000, 0x0000000784f00000|  0%| F|  |TAMS 0x0000000784e00000, 0x0000000784e00000| Untracked 
|  79|0x0000000784f00000, 0x0000000784f00000, 0x0000000785000000|  0%| F|  |TAMS 0x0000000784f00000, 0x0000000784f00000| Untracked 
|  80|0x0000000785000000, 0x0000000785000000, 0x0000000785100000|  0%| F|  |TAMS 0x0000000785000000, 0x0000000785000000| Untracked 
|  81|0x0000000785100000, 0x0000000785100000, 0x0000000785200000|  0%| F|  |TAMS 0x0000000785100000, 0x0000000785100000| Untracked 
|  82|0x0000000785200000, 0x0000000785200000, 0x0000000785300000|  0%| F|  |TAMS 0x0000000785200000, 0x0000000785200000| Untracked 
|  83|0x0000000785300000, 0x0000000785300000, 0x0000000785400000|  0%| F|  |TAMS 0x0000000785300000, 0x0000000785300000| Untracked 
|  84|0x0000000785400000, 0x0000000785400000, 0x0000000785500000|  0%| F|  |TAMS 0x0000000785400000, 0x0000000785400000| Untracked 
|  85|0x0000000785500000, 0x0000000785500000, 0x0000000785600000|  0%| F|  |TAMS 0x0000000785500000, 0x0000000785500000| Untracked 
|  86|0x0000000785600000, 0x0000000785600000, 0x0000000785700000|  0%| F|  |TAMS 0x0000000785600000, 0x0000000785600000| Untracked 
|  87|0x0000000785700000, 0x0000000785700000, 0x0000000785800000|  0%| F|  |TAMS 0x0000000785700000, 0x0000000785700000| Untracked 
|  88|0x0000000785800000, 0x0000000785800000, 0x0000000785900000|  0%| F|  |TAMS 0x0000000785800000, 0x0000000785800000| Untracked 
|  89|0x0000000785900000, 0x0000000785900000, 0x0000000785a00000|  0%| F|  |TAMS 0x0000000785900000, 0x0000000785900000| Untracked 
|  90|0x0000000785a00000, 0x0000000785a00000, 0x0000000785b00000|  0%| F|  |TAMS 0x0000000785a00000, 0x0000000785a00000| Untracked 
|  91|0x0000000785b00000, 0x0000000785b00000, 0x0000000785c00000|  0%| F|  |TAMS 0x0000000785b00000, 0x0000000785b00000| Untracked 
|  92|0x0000000785c00000, 0x0000000785c00000, 0x0000000785d00000|  0%| F|  |TAMS 0x0000000785c00000, 0x0000000785c00000| Untracked 
|  93|0x0000000785d00000, 0x0000000785d00000, 0x0000000785e00000|  0%| F|  |TAMS 0x0000000785d00000, 0x0000000785d00000| Untracked 
|  94|0x0000000785e00000, 0x0000000785e00000, 0x0000000785f00000|  0%| F|  |TAMS 0x0000000785e00000, 0x0000000785e00000| Untracked 
|  95|0x0000000785f00000, 0x0000000785f00000, 0x0000000786000000|  0%| F|  |TAMS 0x0000000785f00000, 0x0000000785f00000| Untracked 
|  96|0x0000000786000000, 0x0000000786000000, 0x0000000786100000|  0%| F|  |TAMS 0x0000000786000000, 0x0000000786000000| Untracked 
|  97|0x0000000786100000, 0x0000000786100000, 0x0000000786200000|  0%| F|  |TAMS 0x0000000786100000, 0x0000000786100000| Untracked 
|  98|0x0000000786200000, 0x0000000786200000, 0x0000000786300000|  0%| F|  |TAMS 0x0000000786200000, 0x0000000786200000| Untracked 
|  99|0x0000000786300000, 0x0000000786300000, 0x0000000786400000|  0%| F|  |TAMS 0x0000000786300000, 0x0000000786300000| Untracked 
| 100|0x0000000786400000, 0x0000000786400000, 0x0000000786500000|  0%| F|  |TAMS 0x0000000786400000, 0x0000000786400000| Untracked 
| 101|0x0000000786500000, 0x0000000786500000, 0x0000000786600000|  0%| F|  |TAMS 0x0000000786500000, 0x0000000786500000| Untracked 
| 102|0x0000000786600000, 0x0000000786600000, 0x0000000786700000|  0%| F|  |TAMS 0x0000000786600000, 0x0000000786600000| Untracked 
| 103|0x0000000786700000, 0x0000000786700000, 0x0000000786800000|  0%| F|  |TAMS 0x0000000786700000, 0x0000000786700000| Untracked 
| 104|0x0000000786800000, 0x0000000786800000, 0x0000000786900000|  0%| F|  |TAMS 0x0000000786800000, 0x0000000786800000| Untracked 
| 105|0x0000000786900000, 0x0000000786900000, 0x0000000786a00000|  0%| F|  |TAMS 0x0000000786900000, 0x0000000786900000| Untracked 
| 106|0x0000000786a00000, 0x0000000786a00000, 0x0000000786b00000|  0%| F|  |TAMS 0x0000000786a00000, 0x0000000786a00000| Untracked 
| 107|0x0000000786b00000, 0x0000000786b00000, 0x0000000786c00000|  0%| F|  |TAMS 0x0000000786b00000, 0x0000000786b00000| Untracked 
| 108|0x0000000786c00000, 0x0000000786c00000, 0x0000000786d00000|  0%| F|  |TAMS 0x0000000786c00000, 0x0000000786c00000| Untracked 
| 109|0x0000000786d00000, 0x0000000786d00000, 0x0000000786e00000|  0%| F|  |TAMS 0x0000000786d00000, 0x0000000786d00000| Untracked 
| 110|0x0000000786e00000, 0x0000000786e00000, 0x0000000786f00000|  0%| F|  |TAMS 0x0000000786e00000, 0x0000000786e00000| Untracked 
| 111|0x0000000786f00000, 0x0000000786f00000, 0x0000000787000000|  0%| F|  |TAMS 0x0000000786f00000, 0x0000000786f00000| Untracked 
| 112|0x0000000787000000, 0x0000000787000000, 0x0000000787100000|  0%| F|  |TAMS 0x0000000787000000, 0x0000000787000000| Untracked 
| 113|0x0000000787100000, 0x0000000787100000, 0x0000000787200000|  0%| F|  |TAMS 0x0000000787100000, 0x0000000787100000| Untracked 
| 114|0x0000000787200000, 0x0000000787200000, 0x0000000787300000|  0%| F|  |TAMS 0x0000000787200000, 0x0000000787200000| Untracked 
| 115|0x0000000787300000, 0x0000000787376440, 0x0000000787400000| 46%| E|  |TAMS 0x0000000787300000, 0x0000000787300000| Complete 
| 116|0x0000000787400000, 0x0000000787500000, 0x0000000787500000|100%| E|CS|TAMS 0x0000000787400000, 0x0000000787400000| Complete 
| 117|0x0000000787500000, 0x0000000787600000, 0x0000000787600000|100%| E|CS|TAMS 0x0000000787500000, 0x0000000787500000| Complete 
| 118|0x0000000787600000, 0x0000000787700000, 0x0000000787700000|100%| E|CS|TAMS 0x0000000787600000, 0x0000000787600000| Complete 
| 119|0x0000000787700000, 0x0000000787800000, 0x0000000787800000|100%| E|CS|TAMS 0x0000000787700000, 0x0000000787700000| Complete 
| 120|0x0000000787800000, 0x0000000787900000, 0x0000000787900000|100%| E|CS|TAMS 0x0000000787800000, 0x0000000787800000| Complete 
| 121|0x0000000787900000, 0x0000000787a00000, 0x0000000787a00000|100%| E|CS|TAMS 0x0000000787900000, 0x0000000787900000| Complete 
| 122|0x0000000787a00000, 0x0000000787b00000, 0x0000000787b00000|100%| E|CS|TAMS 0x0000000787a00000, 0x0000000787a00000| Complete 
| 123|0x0000000787b00000, 0x0000000787c00000, 0x0000000787c00000|100%| E|CS|TAMS 0x0000000787b00000, 0x0000000787b00000| Complete 
| 124|0x0000000787c00000, 0x0000000787d00000, 0x0000000787d00000|100%| E|CS|TAMS 0x0000000787c00000, 0x0000000787c00000| Complete 
| 125|0x0000000787d00000, 0x0000000787e00000, 0x0000000787e00000|100%| E|CS|TAMS 0x0000000787d00000, 0x0000000787d00000| Complete 
| 126|0x0000000787e00000, 0x0000000787f00000, 0x0000000787f00000|100%| E|CS|TAMS 0x0000000787e00000, 0x0000000787e00000| Complete 
| 127|0x0000000787f00000, 0x0000000788000000, 0x0000000788000000|100%| E|CS|TAMS 0x0000000787f00000, 0x0000000787f00000| Complete 

Card table byte_map: [0x000000010af0f000,0x000000010b30f000] _byte_map_base: 0x000000010730f000

Marking Bits (Prev, Next): (CMBitMap*) 0x00007ff417814610, (CMBitMap*) 0x00007ff417814650
 Prev Bits: [0x0000000120a30000, 0x0000000122a30000)
 Next Bits: [0x0000000122a30000, 0x0000000124a30000)

Polling page: 0x0000000102181000

Metaspace:

Usage:
  Non-class:      9.24 MB used.
      Class:    872.52 KB used.
       Both:     10.10 MB used.

Virtual space:
  Non-class space:       16.00 MB reserved,       9.38 MB ( 59%) committed,  2 nodes.
      Class space:        1.00 GB reserved,     960.00 KB ( <1%) committed,  1 nodes.
             Both:        1.02 GB reserved,      10.31 MB ( <1%) committed. 

Chunk freelists:
   Non-Class:  2.06 MB
       Class:  3.03 MB
        Both:  5.09 MB

MaxMetaspaceSize: unlimited
CompressedClassSpaceSize: 1.00 GB
Initial GC threshold: 21.00 MB
Current GC threshold: 21.00 MB
CDS: off
MetaspaceReclaimPolicy: balanced
 - commit_granule_bytes: 65536.
 - commit_granule_words: 8192.
 - virtual_space_node_default_size: 1048576.
 - enlarge_chunks_in_place: 1.
 - new_chunks_are_fully_committed: 0.
 - uncommit_free_chunks: 1.
 - use_allocation_guard: 0.
 - handle_deallocations: 1.


Internal statistics:

num_allocs_failed_limit: 0.
num_arena_births: 52.
num_arena_deaths: 0.
num_vsnodes_births: 3.
num_vsnodes_deaths: 0.
num_space_committed: 163.
num_space_uncommitted: 0.
num_chunks_returned_to_freelist: 0.
num_chunks_taken_from_freelist: 132.
num_chunk_merges: 0.
num_chunk_splits: 82.
num_chunks_enlarged: 53.
num_purges: 0.
num_inconsistent_stats: 0.

CodeHeap 'non-profiled nmethods': size=120028Kb used=181Kb max_used=181Kb free=119846Kb
 bounds [0x00000001194f9000, 0x0000000119769000, 0x0000000120a30000]
CodeHeap 'profiled nmethods': size=120028Kb used=1170Kb max_used=1170Kb free=118857Kb
 bounds [0x0000000111fc2000, 0x0000000112232000, 0x00000001194f9000]
CodeHeap 'non-nmethods': size=5704Kb used=1187Kb max_used=1205Kb free=4516Kb
 bounds [0x0000000111a30000, 0x0000000111ca0000, 0x0000000111fc2000]
 total_blobs=1178 nmethods=683 adapters=410
 compilation: enabled
              stopped_count=0, restarted_count=0
 full_count=0

Compilation events (20 events):
Event: 0.960 Thread 0x00007ff415808c00 nmethod 673 0x00000001120df610 code [0x00000001120df840, 0x00000001120dfde0]
Event: 0.960 Thread 0x00007ff415808c00  675       3       java.lang.PublicMethods$MethodList::<init> (10 bytes)
Event: 0.960 Thread 0x00007ff415808c00 nmethod 675 0x00000001120e0110 code [0x00000001120e02c0, 0x00000001120e0470]
Event: 0.960 Thread 0x00007ff415808c00  676       3       java.lang.PublicMethods$MethodList::getMostSpecific (63 bytes)
Event: 0.960 Thread 0x00007ff415808c00 nmethod 676 0x00000001120e0510 code [0x00000001120e06e0, 0x00000001120e0a00]
Event: 0.961 Thread 0x00007ff415808c00  679       3       net.java.games.input.GenericDesktopUsage::map (20 bytes)
Event: 0.962 Thread 0x00007ff415808c00 nmethod 679 0x00000001120e0b90 code [0x00000001120e0d40, 0x00000001120e0ef0]
Event: 0.962 Thread 0x00007ff415808c00  680       3       net.java.games.input.OSXHIDDevice::addElements (75 bytes)
Event: 0.962 Thread 0x00007ff415808c00 nmethod 680 0x00000001120e0f90 code [0x00000001120e11a0, 0x00000001120e1850]
Event: 0.962 Thread 0x00007ff415808c00  681       3       net.java.games.input.OSXHIDDevice::createElementFromElementProperties (170 bytes)
Event: 0.965 Thread 0x00007ff415808c00 nmethod 681 0x00000001120e1a90 code [0x00000001120e1e40, 0x00000001120e3d10]
Event: 0.965 Thread 0x00007ff415808c00  683       3       net.java.games.input.OSXHIDDevice::getBooleanFromProperties (25 bytes)
Event: 0.965 Thread 0x00007ff415808c00 nmethod 683 0x00000001120e4790 code [0x00000001120e4960, 0x00000001120e4da0]
Event: 0.965 Thread 0x00007ff415808c00  682       3       net.java.games.input.ElementType::map (20 bytes)
Event: 0.965 Thread 0x00007ff415808c00 nmethod 682 0x00000001120e4f10 code [0x00000001120e50c0, 0x00000001120e5270]
Event: 0.965 Thread 0x00007ff415808c00  684   !   3       jdk.internal.reflect.GeneratedMethodAccessor1::invoke (123 bytes)
Event: 0.966 Thread 0x00007ff41701fe00 nmethod 669 0x0000000119524a10 code [0x0000000119524bc0, 0x0000000119525318]
Event: 0.966 Thread 0x00007ff41701fe00  678       4       java.util.HashMap::get (19 bytes)
Event: 0.966 Thread 0x00007ff415808c00 nmethod 684 0x00000001120e5310 code [0x00000001120e55a0, 0x00000001120e6500]
Event: 0.972 Thread 0x00007ff41701fe00 nmethod 678 0x0000000119525810 code [0x00000001195259c0, 0x0000000119526138]

GC Heap History (0 events):
No events

Deoptimization events (0 events):
No events

Classes unloaded (0 events):
No events

Classes redefined (0 events):
No events

Internal exceptions (5 events):
Event: 0.159 Thread 0x00007ff417812000 Exception <a 'java/lang/ClassNotFoundException'{0x0000000787efc830}: sun/awt/resources/spi/awtProvider> (0x0000000787efc830) 
thrown [src/hotspot/share/classfile/systemDictionary.cpp, line 256]
Event: 0.198 Thread 0x00007ff417812000 Exception <a 'java/io/FileNotFoundException'{0x0000000787d59990}> (0x0000000787d59990) 
thrown [src/hotspot/share/prims/jni.cpp, line 516]
Event: 0.211 Thread 0x00007ff417812000 Exception <a 'java/io/FileNotFoundException'{0x0000000787d87130}> (0x0000000787d87130) 
thrown [src/hotspot/share/prims/jni.cpp, line 516]
Event: 0.211 Thread 0x00007ff417812000 Exception <a 'java/lang/NoSuchMethodError'{0x0000000787d88808}: 'java.lang.Object java.lang.invoke.DirectMethodHandle$Holder.invokeStaticInit(java.lang.Object)'> (0x0000000787d88808) 
thrown [src/hotspot/share/interpreter/linkResolver.cpp, line 759]
Event: 0.215 Thread 0x00007ff417812000 Exception <a 'java/lang/ClassNotFoundException'{0x0000000787d92ac0}: sun/awt/resources/spi/awtosxProvider> (0x0000000787d92ac0) 
thrown [src/hotspot/share/classfile/systemDictionary.cpp, line 256]

VM Operations (6 events):
Event: 0.102 Executing VM operation: HandshakeAllThreads
Event: 0.102 Executing VM operation: HandshakeAllThreads done
Event: 0.404 Executing VM operation: HandshakeAllThreads
Event: 0.404 Executing VM operation: HandshakeAllThreads done
Event: 0.631 Executing VM operation: HandshakeAllThreads
Event: 0.631 Executing VM operation: HandshakeAllThreads done

Events (20 events):
Event: 0.731 loading class jdk/internal/reflect/ByteVectorFactory
Event: 0.731 loading class jdk/internal/reflect/ByteVectorFactory done
Event: 0.731 loading class jdk/internal/reflect/ByteVectorImpl
Event: 0.731 loading class jdk/internal/reflect/ByteVector
Event: 0.731 loading class jdk/internal/reflect/ByteVector done
Event: 0.731 loading class jdk/internal/reflect/ByteVectorImpl done
Event: 0.731 loading class jdk/internal/reflect/ClassFileAssembler
Event: 0.731 loading class jdk/internal/reflect/ClassFileAssembler done
Event: 0.731 loading class jdk/internal/reflect/UTF8
Event: 0.731 loading class jdk/internal/reflect/UTF8 done
Event: 0.732 loading class jdk/internal/reflect/Label
Event: 0.732 loading class jdk/internal/reflect/Label done
Event: 0.732 loading class jdk/internal/reflect/Label$PatchInfo
Event: 0.732 loading class jdk/internal/reflect/Label$PatchInfo done
Event: 0.732 loading class jdk/internal/reflect/MethodAccessorGenerator$1
Event: 0.732 loading class jdk/internal/reflect/MethodAccessorGenerator$1 done
Event: 0.732 loading class jdk/internal/reflect/ClassDefiner
Event: 0.732 loading class jdk/internal/reflect/ClassDefiner done
Event: 0.732 loading class jdk/internal/reflect/ClassDefiner$1
Event: 0.732 loading class jdk/internal/reflect/ClassDefiner$1 done


Dynamic libraries:
0x000000010a7b2000 	/Users/shu-yelin/.p2/pool/plugins/org.eclipse.justj.openjdk.hotspot.jre.full.macosx.x86_64_17.0.4.v20220805-1047/jre/lib/libjli.dylib
0x00007ff8267fd000 	/usr/lib/libz.1.dylib
0x00007ff8268e3000 	/usr/lib/libSystem.B.dylib
0x00007ff8268de000 	/usr/lib/system/libcache.dylib
0x00007ff82689a000 	/usr/lib/system/libcommonCrypto.dylib
0x00007ff8268c3000 	/usr/lib/system/libcompiler_rt.dylib
0x00007ff8268b9000 	/usr/lib/system/libcopyfile.dylib
0x00007ff81b485000 	/usr/lib/system/libcorecrypto.dylib
0x00007ff81b543000 	/usr/lib/system/libdispatch.dylib
0x00007ff81b703000 	/usr/lib/system/libdyld.dylib
0x00007ff8268d5000 	/usr/lib/system/libkeymgr.dylib
0x00007ff826878000 	/usr/lib/system/libmacho.dylib
0x00007ff825ef3000 	/usr/lib/system/libquarantine.dylib
0x00007ff8268d3000 	/usr/lib/system/libremovefile.dylib
0x00007ff8205cd000 	/usr/lib/system/libsystem_asl.dylib
0x00007ff81b42e000 	/usr/lib/system/libsystem_blocks.dylib
0x00007ff81b5c7000 	/usr/lib/system/libsystem_c.dylib
0x00007ff8268cb000 	/usr/lib/system/libsystem_collections.dylib
0x00007ff825225000 	/usr/lib/system/libsystem_configuration.dylib
0x00007ff8244ce000 	/usr/lib/system/libsystem_containermanager.dylib
0x00007ff8265aa000 	/usr/lib/system/libsystem_coreservices.dylib
0x00007ff81dc71000 	/usr/lib/system/libsystem_darwin.dylib
0x00007ff8268d6000 	/usr/lib/system/libsystem_dnssd.dylib
0x00007ff81b5c4000 	/usr/lib/system/libsystem_featureflags.dylib
0x00007ff81b719000 	/usr/lib/system/libsystem_info.dylib
0x00007ff826810000 	/usr/lib/system/libsystem_m.dylib
0x00007ff81b517000 	/usr/lib/system/libsystem_malloc.dylib
0x00007ff820568000 	/usr/lib/system/libsystem_networkextension.dylib
0x00007ff81e097000 	/usr/lib/system/libsystem_notify.dylib
0x00007ff82cc0d000 	/usr/lib/system/libsystem_product_info_filter.dylib
0x00007ff825229000 	/usr/lib/system/libsystem_sandbox.dylib
0x00007ff8268d0000 	/usr/lib/system/libsystem_secinit.dylib
0x00007ff81b6bf000 	/usr/lib/system/libsystem_kernel.dylib
0x00007ff81b70f000 	/usr/lib/system/libsystem_platform.dylib
0x00007ff81b6f7000 	/usr/lib/system/libsystem_pthread.dylib
0x00007ff821e87000 	/usr/lib/system/libsystem_symptoms.dylib
0x00007ff81b46c000 	/usr/lib/system/libsystem_trace.dylib
0x00007ff8268a6000 	/usr/lib/system/libunwind.dylib
0x00007ff81b430000 	/usr/lib/system/libxpc.dylib
0x00007ff81b6a9000 	/usr/lib/libc++abi.dylib
0x00007ff81b58a000 	/usr/lib/libobjc.A.dylib
0x00007ff8268b1000 	/usr/lib/liboah.dylib
0x00007ff81b650000 	/usr/lib/libc++.1.dylib
0x00007ff832a0e000 	/System/Library/Frameworks/Cocoa.framework/Versions/A/Cocoa
0x00007ff81e0f5000 	/System/Library/Frameworks/AppKit.framework/Versions/C/AppKit
0x00007ff821666000 	/System/Library/Frameworks/CoreData.framework/Versions/A/CoreData
0x00007ff81c4f9000 	/System/Library/Frameworks/Foundation.framework/Versions/C/Foundation
0x00007ff81ef84000 	/System/Library/PrivateFrameworks/UIFoundation.framework/Versions/A/UIFoundation
0x00007ff82c910000 	/System/Library/PrivateFrameworks/RemoteViewServices.framework/Versions/A/RemoteViewServices
0x00007ff824baf000 	/System/Library/PrivateFrameworks/XCTTargetBootstrap.framework/Versions/A/XCTTargetBootstrap
0x00007ff8287a8000 	/System/Library/PrivateFrameworks/InternationalSupport.framework/Versions/A/InternationalSupport
0x00007ff828832000 	/System/Library/PrivateFrameworks/UserActivity.framework/Versions/A/UserActivity
0x00007ff827b8c000 	/usr/lib/libspindump.dylib
0x00007ff81f212000 	/System/Library/Frameworks/UniformTypeIdentifiers.framework/Versions/A/UniformTypeIdentifiers
0x00007ff8232d4000 	/usr/lib/libapp_launch_measurement.dylib
0x00007ff822047000 	/System/Library/PrivateFrameworks/CoreAnalytics.framework/Versions/A/CoreAnalytics
0x00007ff8232d7000 	/System/Library/PrivateFrameworks/CoreAutoLayout.framework/Versions/A/CoreAutoLayout
0x00007ff824506000 	/System/Library/Frameworks/Metal.framework/Versions/A/Metal
0x00007ff825235000 	/usr/lib/liblangid.dylib
0x00007ff824bb4000 	/System/Library/PrivateFrameworks/CoreSVG.framework/Versions/A/CoreSVG
0x00007ff8205fd000 	/System/Library/PrivateFrameworks/SkyLight.framework/Versions/A/SkyLight
0x00007ff82099b000 	/System/Library/Frameworks/CoreGraphics.framework/Versions/A/CoreGraphics
0x00007ff82cfd0000 	/System/Library/Frameworks/Accelerate.framework/Versions/A/Accelerate
0x00007ff82760b000 	/System/Library/PrivateFrameworks/IconServices.framework/Versions/A/IconServices
0x00007ff8244eb000 	/System/Library/Frameworks/IOSurface.framework/Versions/A/IOSurface
0x00007ff822075000 	/usr/lib/libDiagnosticMessagesClient.dylib
0x00007ff8306b2000 	/System/Library/Frameworks/ApplicationServices.framework/Versions/A/ApplicationServices
0x00007ff824b9b000 	/System/Library/PrivateFrameworks/DFRFoundation.framework/Versions/A/DFRFoundation
0x00007ff81d9dd000 	/usr/lib/libicucore.A.dylib
0x00007ff82959d000 	/System/Library/Frameworks/AudioToolbox.framework/Versions/A/AudioToolbox
0x00007ff8287b4000 	/System/Library/PrivateFrameworks/DataDetectorsCore.framework/Versions/A/DataDetectorsCore
0x00007ff924a0e000 	/System/Library/PrivateFrameworks/TextInput.framework/Versions/A/TextInput
0x00007ff820580000 	/usr/lib/libMobileGestalt.dylib
0x00007ff8248a7000 	/System/Library/Frameworks/Carbon.framework/Versions/A/Frameworks/HIToolbox.framework/Versions/A/HIToolbox
0x00007ff822cda000 	/System/Library/Frameworks/QuartzCore.framework/Versions/A/QuartzCore
0x00007ff81d682000 	/System/Library/Frameworks/Security.framework/Versions/A/Security
0x00007ff82c948000 	/System/Library/Frameworks/Carbon.framework/Versions/A/Frameworks/SpeechRecognition.framework/Versions/A/SpeechRecognition
0x00007ff823034000 	/System/Library/PrivateFrameworks/CoreUI.framework/Versions/A/CoreUI
0x00007ff81cf4d000 	/System/Library/Frameworks/CoreAudio.framework/Versions/A/CoreAudio
0x00007ff822164000 	/System/Library/Frameworks/DiskArbitration.framework/Versions/A/DiskArbitration
0x00007ff827f78000 	/System/Library/PrivateFrameworks/MultitouchSupport.framework/Versions/A/MultitouchSupport
0x00007ff82057f000 	/usr/lib/libenergytrace.dylib
0x00007ff81dfe1000 	/System/Library/Frameworks/IOKit.framework/Versions/A/IOKit
0x00007ff82cd38000 	/System/Library/Frameworks/CoreServices.framework/Versions/A/CoreServices
0x00007ff82326e000 	/System/Library/PrivateFrameworks/PerformanceAnalysis.framework/Versions/A/PerformanceAnalysis
0x00007ffa344e7000 	/System/Library/Frameworks/OpenGL.framework/Versions/A/OpenGL
0x00007ff825e19000 	/System/Library/PrivateFrameworks/MobileKeyBag.framework/Versions/A/MobileKeyBag
0x00007ff8210c5000 	/System/Library/Frameworks/ColorSync.framework/Versions/A/ColorSync
0x00007ff81b744000 	/System/Library/Frameworks/CoreFoundation.framework/Versions/A/CoreFoundation
0x00007ff824e2b000 	/System/Library/Frameworks/CoreImage.framework/Versions/A/CoreImage
0x00007ff81cd61000 	/System/Library/Frameworks/CoreText.framework/Versions/A/CoreText
0x00007ff824be4000 	/System/Library/Frameworks/ImageIO.framework/Versions/A/ImageIO
0x00007ff8268e9000 	/System/Library/PrivateFrameworks/SoftLinking.framework/Versions/A/SoftLinking
0x00007ff82331f000 	/usr/lib/libxml2.2.dylib
0x00007ff826b6a000 	/usr/lib/libcompression.dylib
0x00007ff8286db000 	/System/Library/PrivateFrameworks/TextureIO.framework/Versions/A/TextureIO
0x00007ff827284000 	/usr/lib/libate.dylib
0x00007ff827042000 	/usr/lib/liblzma.5.dylib
0x00007ff81c208000 	/System/Library/Frameworks/SystemConfiguration.framework/Versions/A/SystemConfiguration
0x00007ff8268e5000 	/usr/lib/libfakelink.dylib
0x00007ff8200d9000 	/System/Library/Frameworks/CFNetwork.framework/Versions/A/CFNetwork
0x00007ff826a26000 	/usr/lib/libarchive.2.dylib
0x00007ff825231000 	/System/Library/PrivateFrameworks/AppleSystemInfo.framework/Versions/A/AppleSystemInfo
0x00007ff825f1a000 	/usr/lib/libbsm.0.dylib
0x00007ff81f6e8000 	/usr/lib/libnetwork.dylib
0x00007ff82687e000 	/usr/lib/system/libkxld.dylib
0x00007ff825b4d000 	/System/Library/PrivateFrameworks/IOMobileFramebuffer.framework/Versions/A/IOMobileFramebuffer
0x00007ffb33e07000 	/usr/lib/libCoreEntitlements.dylib
0x00007ff82658c000 	/System/Library/PrivateFrameworks/AppleFSCompression.framework/Versions/A/AppleFSCompression
0x00007ff825f02000 	/usr/lib/libcoretls.dylib
0x00007ff82705c000 	/usr/lib/libcoretls_cfhelpers.dylib
0x00007ff826b65000 	/usr/lib/libpam.2.dylib
0x00007ff821aaa000 	/usr/lib/libsqlite3.dylib
0x00007ff8270cb000 	/usr/lib/libxar.1.dylib
0x00007ff82659c000 	/usr/lib/libbz2.1.0.dylib
0x00007ff8268ea000 	/usr/lib/libpcap.A.dylib
0x00007ff821e7f000 	/usr/lib/libdns_services.dylib
0x00007ff826b38000 	/usr/lib/libapple_nghttp2.dylib
0x00007ff826924000 	/usr/lib/libiconv.2.dylib
0x00007ff826877000 	/usr/lib/libcharset.1.dylib
0x00007ff8232a2000 	/System/Library/Frameworks/CoreServices.framework/Versions/A/Frameworks/FSEvents.framework/Versions/A/FSEvents
0x00007ff81dc7b000 	/System/Library/Frameworks/CoreServices.framework/Versions/A/Frameworks/CarbonCore.framework/Versions/A/CarbonCore
0x00007ff8220c8000 	/System/Library/Frameworks/CoreServices.framework/Versions/A/Frameworks/Metadata.framework/Versions/A/Metadata
0x00007ff8265af000 	/System/Library/Frameworks/CoreServices.framework/Versions/A/Frameworks/OSServices.framework/Versions/A/OSServices
0x00007ff826aad000 	/System/Library/Frameworks/CoreServices.framework/Versions/A/Frameworks/SearchKit.framework/Versions/A/SearchKit
0x00007ff821e12000 	/System/Library/Frameworks/CoreServices.framework/Versions/A/Frameworks/AE.framework/Versions/A/AE
0x00007ff81bc45000 	/System/Library/Frameworks/CoreServices.framework/Versions/A/Frameworks/LaunchServices.framework/Versions/A/LaunchServices
0x00007ff826ff3000 	/System/Library/Frameworks/CoreServices.framework/Versions/A/Frameworks/DictionaryServices.framework/Versions/A/DictionaryServices
0x00007ff8232af000 	/System/Library/Frameworks/CoreServices.framework/Versions/A/Frameworks/SharedFileList.framework/Versions/A/SharedFileList
0x00007ff825ef6000 	/usr/lib/libCheckFix.dylib
0x00007ff8205e4000 	/System/Library/PrivateFrameworks/TCC.framework/Versions/A/TCC
0x00007ff825237000 	/System/Library/PrivateFrameworks/CoreNLP.framework/Versions/A/CoreNLP
0x00007ff822078000 	/System/Library/PrivateFrameworks/MetadataUtilities.framework/Versions/A/MetadataUtilities
0x00007ff81c2bc000 	/usr/lib/libmecabra.dylib
0x00007ff825f2a000 	/usr/lib/libmecab.dylib
0x00007ff81c287000 	/usr/lib/libCRFSuite.dylib
0x00007ff825f84000 	/usr/lib/libgermantok.dylib
0x00007ff826b13000 	/usr/lib/libThaiTokenizer.dylib
0x00007ff82216b000 	/System/Library/Frameworks/Accelerate.framework/Versions/A/Frameworks/vImage.framework/Versions/A/vImage
0x00007ff82cd0f000 	/System/Library/Frameworks/Accelerate.framework/Versions/A/Frameworks/vecLib.framework/Versions/A/vecLib
0x00007ff82710c000 	/System/Library/Frameworks/Accelerate.framework/Versions/A/Frameworks/vecLib.framework/Versions/A/libvMisc.dylib
0x00007ff82594c000 	/System/Library/Frameworks/Accelerate.framework/Versions/A/Frameworks/vecLib.framework/Versions/A/libvDSP.dylib
0x00007ff81bfc0000 	/System/Library/Frameworks/Accelerate.framework/Versions/A/Frameworks/vecLib.framework/Versions/A/libBLAS.dylib
0x00007ff826c48000 	/System/Library/Frameworks/Accelerate.framework/Versions/A/Frameworks/vecLib.framework/Versions/A/libLAPACK.dylib
0x00007ff825f87000 	/System/Library/Frameworks/Accelerate.framework/Versions/A/Frameworks/vecLib.framework/Versions/A/libLinearAlgebra.dylib
0x00007ff826b50000 	/System/Library/Frameworks/Accelerate.framework/Versions/A/Frameworks/vecLib.framework/Versions/A/libSparseBLAS.dylib
0x00007ff826c42000 	/System/Library/Frameworks/Accelerate.framework/Versions/A/Frameworks/vecLib.framework/Versions/A/libQuadrature.dylib
0x00007ff825322000 	/System/Library/Frameworks/Accelerate.framework/Versions/A/Frameworks/vecLib.framework/Versions/A/libBNNS.dylib
0x00007ff81c192000 	/System/Library/Frameworks/Accelerate.framework/Versions/A/Frameworks/vecLib.framework/Versions/A/libSparse.dylib
0x00007ff82531b000 	/System/Library/PrivateFrameworks/LinguisticData.framework/Versions/A/LinguisticData
0x00007ff81c148000 	/System/Library/PrivateFrameworks/Lexicon.framework/Versions/A/Lexicon
0x00007ff827105000 	/usr/lib/libChineseTokenizer.dylib
0x00007ff81c8b6000 	/System/Library/PrivateFrameworks/LanguageModeling.framework/Versions/A/LanguageModeling
0x00007ff826b15000 	/System/Library/PrivateFrameworks/AppleSauce.framework/Versions/A/AppleSauce
0x00007ff825b3b000 	/System/Library/PrivateFrameworks/CoreEmoji.framework/Versions/A/CoreEmoji
0x00007ff826a15000 	/usr/lib/libcmph.dylib
0x00007ff823286000 	/System/Library/Frameworks/OpenDirectory.framework/Versions/A/Frameworks/CFOpenDirectory.framework/Versions/A/CFOpenDirectory
0x00007ff82327a000 	/System/Library/Frameworks/OpenDirectory.framework/Versions/A/OpenDirectory
0x00007ff82705e000 	/System/Library/PrivateFrameworks/APFS.framework/Versions/A/APFS
0x00007ff825e51000 	/System/Library/Frameworks/SecurityFoundation.framework/Versions/A/SecurityFoundation
0x00007ff8270d9000 	/usr/lib/libutil.dylib
0x00007ff81dfa5000 	/System/Library/PrivateFrameworks/CoreServicesStore.framework/Versions/A/CoreServicesStore
0x00007ff8270dd000 	/usr/lib/libxslt.1.dylib
0x00007ff825ede000 	/System/Library/PrivateFrameworks/BackgroundTaskManagement.framework/Versions/A/BackgroundTaskManagement
0x00007ff8285fc000 	/System/Library/Frameworks/ImageIO.framework/Versions/A/Resources/libRadiance.dylib
0x00007ff828605000 	/System/Library/Frameworks/ImageIO.framework/Versions/A/Resources/libJPEG.dylib
0x00007ff828557000 	/System/Library/Frameworks/ImageIO.framework/Versions/A/Resources/libPng.dylib
0x00007ff828578000 	/System/Library/Frameworks/ImageIO.framework/Versions/A/Resources/libTIFF.dylib
0x00007ff828664000 	/System/Library/Frameworks/ImageIO.framework/Versions/A/Resources/libGIF.dylib
0x00007ff827e94000 	/System/Library/Frameworks/ImageIO.framework/Versions/A/Resources/libJP2.dylib
0x00007ff8275d2000 	/usr/lib/libexpat.1.dylib
0x00007ff827e49000 	/System/Library/PrivateFrameworks/AppleJPEG.framework/Versions/A/AppleJPEG
0x00007ff82476b000 	/System/Library/PrivateFrameworks/FontServices.framework/libFontParser.dylib
0x00007ff821dbc000 	/System/Library/PrivateFrameworks/RunningBoardServices.framework/Versions/A/RunningBoardServices
0x00007ff832fc9000 	/System/Library/PrivateFrameworks/IOSurfaceAccelerator.framework/Versions/A/IOSurfaceAccelerator
0x00007ff827f74000 	/System/Library/PrivateFrameworks/WatchdogClient.framework/Versions/A/WatchdogClient
0x00007ff81c9a4000 	/System/Library/Frameworks/CoreDisplay.framework/Versions/A/CoreDisplay
0x00007ff824669000 	/System/Library/Frameworks/CoreMedia.framework/Versions/A/CoreMedia
0x00007ff8244fd000 	/System/Library/PrivateFrameworks/IOAccelerator.framework/Versions/A/IOAccelerator
0x00007ff823403000 	/System/Library/Frameworks/CoreVideo.framework/Versions/A/CoreVideo
0x00007ff826b63000 	/System/Library/Frameworks/MetalPerformanceShaders.framework/Versions/A/MetalPerformanceShaders
0x00007ff827fb1000 	/System/Library/Frameworks/VideoToolbox.framework/Versions/A/VideoToolbox
0x00007ff821d06000 	/System/Library/PrivateFrameworks/BaseBoard.framework/Versions/A/BaseBoard
0x00007ff821a90000 	/System/Library/PrivateFrameworks/ProtocolBuffer.framework/Versions/A/ProtocolBuffer
0x00007ff8285f5000 	/System/Library/PrivateFrameworks/GPUWrangler.framework/Versions/A/GPUWrangler
0x00007ff8285d9000 	/System/Library/PrivateFrameworks/IOPresentment.framework/Versions/A/IOPresentment
0x00007ff8285ff000 	/System/Library/PrivateFrameworks/DSExternalDisplay.framework/Versions/A/DSExternalDisplay
0x00007ffa344db000 	/System/Library/Frameworks/OpenGL.framework/Versions/A/Libraries/libCoreFSCache.dylib
0x00007ffb2152b000 	/System/Library/PrivateFrameworks/GPUCompiler.framework/Versions/31001/Libraries/libGPUCompilerUtils.dylib
0x00007ff828669000 	/System/Library/PrivateFrameworks/CMCaptureCore.framework/Versions/A/CMCaptureCore
0x00007ff827b7a000 	/System/Library/PrivateFrameworks/AppServerSupport.framework/Versions/A/AppServerSupport
0x00007ff829e35000 	/System/Library/PrivateFrameworks/perfdata.framework/Versions/A/perfdata
0x00007ff81cad0000 	/System/Library/PrivateFrameworks/AudioToolboxCore.framework/Versions/A/AudioToolboxCore
0x00007ff824647000 	/System/Library/PrivateFrameworks/caulk.framework/Versions/A/caulk
0x00007ff829747000 	/usr/lib/libAudioStatistics.dylib
0x00007ff9211ae000 	/System/Library/PrivateFrameworks/SystemPolicy.framework/Versions/A/SystemPolicy
0x00007ff8299a2000 	/usr/lib/libSMC.dylib
0x00007ff8328c1000 	/System/Library/Frameworks/CoreMIDI.framework/Versions/A/CoreMIDI
0x00007ff828526000 	/usr/lib/libAudioToolboxUtility.dylib
0x00007ff91d3e3000 	/System/Library/PrivateFrameworks/OSAServicesClient.framework/Versions/A/OSAServicesClient
0x00007ff829e42000 	/usr/lib/libperfcheck.dylib
0x00007ff921c5b000 	/usr/lib/libmis.dylib
0x00007ffa34536000 	/System/Library/Frameworks/OpenGL.framework/Versions/A/Libraries/libGLU.dylib
0x00007ffa344fa000 	/System/Library/Frameworks/OpenGL.framework/Versions/A/Libraries/libGFXShared.dylib
0x00007ffa34703000 	/System/Library/Frameworks/OpenGL.framework/Versions/A/Libraries/libGL.dylib
0x00007ffa34503000 	/System/Library/Frameworks/OpenGL.framework/Versions/A/Libraries/libGLImage.dylib
0x00007ffa344f7000 	/System/Library/Frameworks/OpenGL.framework/Versions/A/Libraries/libCVMSPluginSupport.dylib
0x00007ffa344e2000 	/System/Library/Frameworks/OpenGL.framework/Versions/A/Libraries/libCoreVMClient.dylib
0x00007ff8251b3000 	/System/Library/Frameworks/MetalPerformanceShaders.framework/Versions/A/Frameworks/MPSCore.framework/Versions/A/MPSCore
0x00007ff8264f7000 	/System/Library/Frameworks/MetalPerformanceShaders.framework/Versions/A/Frameworks/MPSImage.framework/Versions/A/MPSImage
0x00007ff825f9d000 	/System/Library/Frameworks/MetalPerformanceShaders.framework/Versions/A/Frameworks/MPSNeuralNetwork.framework/Versions/A/MPSNeuralNetwork
0x00007ff826411000 	/System/Library/Frameworks/MetalPerformanceShaders.framework/Versions/A/Frameworks/MPSMatrix.framework/Versions/A/MPSMatrix
0x00007ff8261cc000 	/System/Library/Frameworks/MetalPerformanceShaders.framework/Versions/A/Frameworks/MPSRayIntersector.framework/Versions/A/MPSRayIntersector
0x00007ff826449000 	/System/Library/Frameworks/MetalPerformanceShaders.framework/Versions/A/Frameworks/MPSNDArray.framework/Versions/A/MPSNDArray
0x00007ffa39f3b000 	/System/Library/Frameworks/MetalPerformanceShaders.framework/Versions/A/Frameworks/MPSFunctions.framework/Versions/A/MPSFunctions
0x00007ff81be9c000 	/System/Library/PrivateFrameworks/MetalTools.framework/Versions/A/MetalTools
0x00007ff82522f000 	/System/Library/PrivateFrameworks/AggregateDictionary.framework/Versions/A/AggregateDictionary
0x00007ff8273b4000 	/usr/lib/libIOReport.dylib
0x00007ffa35b12000 	/System/Library/Frameworks/OpenCL.framework/Versions/A/OpenCL
0x00007ff827718000 	/System/Library/PrivateFrameworks/FaceCore.framework/Versions/A/FaceCore
0x00007ff827709000 	/System/Library/PrivateFrameworks/GraphVisualizer.framework/Versions/A/GraphVisualizer
0x00007ffb21436000 	/System/Library/PrivateFrameworks/FontServices.framework/Versions/A/FontServices
0x00007ff827b32000 	/System/Library/PrivateFrameworks/OTSVG.framework/Versions/A/OTSVG
0x00007ff822fea000 	/System/Library/Frameworks/ApplicationServices.framework/Versions/A/Frameworks/ATS.framework/Versions/A/Resources/libFontRegistry.dylib
0x00007ff827b82000 	/System/Library/PrivateFrameworks/FontServices.framework/libhvf.dylib
0x00007ffb21437000 	/System/Library/PrivateFrameworks/FontServices.framework/libXTFontStaticRegistryData.dylib
0x00007ff827582000 	/System/Library/PrivateFrameworks/AppleVA.framework/Versions/A/AppleVA
0x00007ff829767000 	/System/Library/Frameworks/ApplicationServices.framework/Versions/A/Frameworks/ATS.framework/Versions/A/ATS
0x00007ff8211c3000 	/System/Library/Frameworks/ApplicationServices.framework/Versions/A/Frameworks/HIServices.framework/Versions/A/HIServices
0x00007ff828673000 	/System/Library/Frameworks/ApplicationServices.framework/Versions/A/Frameworks/PrintCore.framework/Versions/A/PrintCore
0x00007ff829af5000 	/System/Library/Frameworks/ApplicationServices.framework/Versions/A/Frameworks/QD.framework/Versions/A/QD
0x00007ff829aed000 	/System/Library/Frameworks/ApplicationServices.framework/Versions/A/Frameworks/ColorSyncLegacy.framework/Versions/A/ColorSyncLegacy
0x00007ff829757000 	/System/Library/Frameworks/ApplicationServices.framework/Versions/A/Frameworks/SpeechSynthesis.framework/Versions/A/SpeechSynthesis
0x00007ff828634000 	/System/Library/Frameworks/ApplicationServices.framework/Versions/A/Frameworks/ATSUI.framework/Versions/A/ATSUI
0x00007ff829a82000 	/usr/lib/libcups.2.dylib
0x00007ff829e51000 	/System/Library/Frameworks/Kerberos.framework/Versions/A/Kerberos
0x00007ff829e60000 	/System/Library/Frameworks/GSS.framework/Versions/A/GSS
0x00007ff8297d3000 	/usr/lib/libresolv.9.dylib
0x00007ff827b91000 	/System/Library/PrivateFrameworks/Heimdal.framework/Versions/A/Heimdal
0x00007ff830a44000 	/System/Library/Frameworks/Kerberos.framework/Versions/A/Libraries/libHeimdalProxy.dylib
0x00007ff821e8f000 	/System/Library/Frameworks/Network.framework/Versions/A/Network
0x00007ff8275ec000 	/usr/lib/libheimdal-asn1.dylib
0x00007ff829eab000 	/System/Library/PrivateFrameworks/CommonAuth.framework/Versions/A/CommonAuth
0x00007ff8296d9000 	/System/Library/PrivateFrameworks/AudioSession.framework/Versions/A/AudioSession
0x00007ff82767c000 	/System/Library/PrivateFrameworks/MediaExperience.framework/Versions/A/MediaExperience
0x00007ff82956c000 	/System/Library/PrivateFrameworks/AudioSession.framework/libSessionUtility.dylib
0x00007ff829b01000 	/System/Library/PrivateFrameworks/AudioResourceArbitration.framework/Versions/A/AudioResourceArbitration
0x00007ff82db82000 	/System/Library/PrivateFrameworks/PowerLog.framework/Versions/A/PowerLog
0x00007ff8275f5000 	/System/Library/PrivateFrameworks/IconFoundation.framework/Versions/A/IconFoundation
0x00007ff82c938000 	/System/Library/PrivateFrameworks/SpeechRecognitionCore.framework/Versions/A/SpeechRecognitionCore
0x000000010b945000 	/Users/shu-yelin/.p2/pool/plugins/org.eclipse.justj.openjdk.hotspot.jre.full.macosx.x86_64_17.0.4.v20220805-1047/jre/lib/server/libjvm.dylib
0x000000010a850000 	/Users/shu-yelin/.p2/pool/plugins/org.eclipse.justj.openjdk.hotspot.jre.full.macosx.x86_64_17.0.4.v20220805-1047/jre/lib/libjimage.dylib
0x000000010a8d6000 	/Users/shu-yelin/.p2/pool/plugins/org.eclipse.justj.openjdk.hotspot.jre.full.macosx.x86_64_17.0.4.v20220805-1047/jre/lib/libjava.dylib
0x000000010b7b1000 	/Users/shu-yelin/.p2/pool/plugins/org.eclipse.justj.openjdk.hotspot.jre.full.macosx.x86_64_17.0.4.v20220805-1047/jre/lib/libzip.dylib
0x000000010b906000 	/Users/shu-yelin/.p2/pool/plugins/org.eclipse.justj.openjdk.hotspot.jre.full.macosx.x86_64_17.0.4.v20220805-1047/jre/lib/libnio.dylib
0x0000000126a4a000 	/Users/shu-yelin/.p2/pool/plugins/org.eclipse.justj.openjdk.hotspot.jre.full.macosx.x86_64_17.0.4.v20220805-1047/jre/lib/libnet.dylib
0x0000000126a89000 	/Users/shu-yelin/.p2/pool/plugins/org.eclipse.justj.openjdk.hotspot.jre.full.macosx.x86_64_17.0.4.v20220805-1047/jre/lib/libverify.dylib
0x000000012919c000 	/Users/shu-yelin/.p2/pool/plugins/org.eclipse.justj.openjdk.hotspot.jre.full.macosx.x86_64_17.0.4.v20220805-1047/jre/lib/libawt.dylib
0x000000012932b000 	/Users/shu-yelin/.p2/pool/plugins/org.eclipse.justj.openjdk.hotspot.jre.full.macosx.x86_64_17.0.4.v20220805-1047/jre/lib/libmlib_image.dylib
0x00007ffa39ea4000 	/System/Library/Frameworks/JavaRuntimeSupport.framework/Versions/A/JavaRuntimeSupport
0x00007ff920cd2000 	/System/Library/Frameworks/Carbon.framework/Versions/A/Carbon
0x00007ff82edfe000 	/System/Library/PrivateFrameworks/CoreSymbolication.framework/Versions/A/CoreSymbolication
0x00007ff834360000 	/System/Library/Frameworks/Carbon.framework/Versions/A/Frameworks/CommonPanels.framework/Versions/A/CommonPanels
0x00007ff830432000 	/System/Library/Frameworks/Carbon.framework/Versions/A/Frameworks/Help.framework/Versions/A/Help
0x00007ff834364000 	/System/Library/Frameworks/Carbon.framework/Versions/A/Frameworks/ImageCapture.framework/Versions/A/ImageCapture
0x00007ff834334000 	/System/Library/Frameworks/Carbon.framework/Versions/A/Frameworks/OpenScripting.framework/Versions/A/OpenScripting
0x00007ff83435c000 	/System/Library/Frameworks/Carbon.framework/Versions/A/Frameworks/Ink.framework/Versions/A/Ink
0x00007ff920cce000 	/System/Library/Frameworks/Carbon.framework/Versions/A/Frameworks/Print.framework/Versions/A/Print
0x00007ff834358000 	/System/Library/Frameworks/Carbon.framework/Versions/A/Frameworks/SecurityHI.framework/Versions/A/SecurityHI
0x00007ff82edc3000 	/System/Library/PrivateFrameworks/DebugSymbols.framework/Versions/A/DebugSymbols
0x00000001295a8000 	/Users/shu-yelin/.p2/pool/plugins/org.eclipse.justj.openjdk.hotspot.jre.full.macosx.x86_64_17.0.4.v20220805-1047/jre/lib/libawt_lwawt.dylib
0x0000000126b94000 	/Users/shu-yelin/.p2/pool/plugins/org.eclipse.justj.openjdk.hotspot.jre.full.macosx.x86_64_17.0.4.v20220805-1047/jre/lib/libosxapp.dylib
0x00007ff91ffa4000 	/System/Library/Frameworks/ExceptionHandling.framework/Versions/A/ExceptionHandling
0x0000000129a0d000 	/Users/shu-yelin/.p2/pool/plugins/org.eclipse.justj.openjdk.hotspot.jre.full.macosx.x86_64_17.0.4.v20220805-1047/jre/lib/libfontmanager.dylib
0x0000000129882000 	/Users/shu-yelin/.p2/pool/plugins/org.eclipse.justj.openjdk.hotspot.jre.full.macosx.x86_64_17.0.4.v20220805-1047/jre/lib/libfreetype.dylib
0x00007ff81df67000 	/System/Library/PrivateFrameworks/CoreServicesInternal.framework/Versions/A/CoreServicesInternal
0x00007ff82e173000 	/System/Library/Frameworks/FileProvider.framework/Versions/A/FileProvider
0x00007ff821c73000 	/System/Library/Frameworks/Accounts.framework/Versions/A/Accounts
0x00007ff82e2ec000 	/System/Library/PrivateFrameworks/GenerationalStorage.framework/Versions/A/GenerationalStorage
0x00007ff82db77000 	/System/Library/PrivateFrameworks/SymptomDiagnosticReporter.framework/Versions/A/SymptomDiagnosticReporter
0x00007ff81f226000 	/System/Library/PrivateFrameworks/DesktopServicesPriv.framework/Versions/A/DesktopServicesPriv
0x00007ff81e0a6000 	/usr/lib/libsandbox.1.dylib
0x00007ff823482000 	/System/Library/PrivateFrameworks/UserManagement.framework/Versions/A/UserManagement
0x00007ff829ae2000 	/System/Library/PrivateFrameworks/NetAuth.framework/Versions/A/NetAuth
0x00007ff82a9f1000 	/System/Library/PrivateFrameworks/Sharing.framework/Versions/A/Sharing
0x00007ff823455000 	/System/Library/PrivateFrameworks/login.framework/Versions/A/Frameworks/loginsupport.framework/Versions/A/loginsupport
0x00007ff82ff61000 	/System/Library/PrivateFrameworks/Apple80211.framework/Versions/A/Apple80211
0x00007ff8265dc000 	/System/Library/PrivateFrameworks/AuthKit.framework/Versions/A/AuthKit
0x00007ff825c31000 	/System/Library/PrivateFrameworks/CoreUtils.framework/Versions/A/CoreUtils
0x00007ff825b58000 	/System/Library/Frameworks/CoreWLAN.framework/Versions/A/CoreWLAN
0x00007ff82ab50000 	/System/Library/Frameworks/IOBluetooth.framework/Versions/A/IOBluetooth
0x00007ff82ffc9000 	/System/Library/PrivateFrameworks/CoreWiFi.framework/Versions/A/CoreWiFi
0x00007ff82e998000 	/System/Library/PrivateFrameworks/FrontBoardServices.framework/Versions/A/FrontBoardServices
0x00007ff82ea29000 	/System/Library/PrivateFrameworks/BoardServices.framework/Versions/A/BoardServices
0x00007ff825e40000 	/System/Library/PrivateFrameworks/AssertionServices.framework/Versions/A/AssertionServices
0x00007ff83014c000 	/System/Library/PrivateFrameworks/BackBoardServices.framework/Versions/A/BackBoardServices
0x00007ff829f3c000 	/System/Library/PrivateFrameworks/CorePhoneNumbers.framework/Versions/A/CorePhoneNumbers
0x00007ff829800000 	/System/Library/PrivateFrameworks/MultiverseSupport.framework/Versions/A/MultiverseSupport
0x00007ff8303bf000 	/System/Library/PrivateFrameworks/RemoteServiceDiscovery.framework/Versions/A/RemoteServiceDiscovery
0x00007ff82dc94000 	/System/Library/PrivateFrameworks/DiskManagement.framework/Versions/A/DiskManagement
0x00007ff82dba8000 	/System/Library/PrivateFrameworks/AppleIDAuthSupport.framework/Versions/A/AppleIDAuthSupport
0x00007ffb1bdcd000 	/System/Library/PrivateFrameworks/AAAFoundation.framework/Versions/A/AAAFoundation
0x00007ff829f1d000 	/System/Library/PrivateFrameworks/KeychainCircle.framework/Versions/A/KeychainCircle
0x00007ff8303cf000 	/System/Library/PrivateFrameworks/RemoteXPC.framework/Versions/A/RemoteXPC
0x00007ff82dc60000 	/System/Library/PrivateFrameworks/MediaKit.framework/Versions/A/MediaKit
0x00007ff82dbb4000 	/System/Library/Frameworks/DiscRecording.framework/Versions/A/DiscRecording
0x00007ff8274fa000 	/usr/lib/libCoreStorage.dylib
0x00007ff83043a000 	/usr/lib/libcsfde.dylib
0x00007ff82ac1d000 	/System/Library/PrivateFrameworks/ProtectedCloudStorage.framework/Versions/A/ProtectedCloudStorage
0x00007ff830436000 	/System/Library/PrivateFrameworks/EFILogin.framework/Versions/A/EFILogin
0x00007ff82e312000 	/System/Library/PrivateFrameworks/OctagonTrust.framework/Versions/A/OctagonTrust
0x00007ffb20699000 	/System/Library/PrivateFrameworks/CoreUtilsExtras.framework/Versions/A/CoreUtilsExtras
0x00007ff82dadb000 	/System/Library/Frameworks/CoreBluetooth.framework/Versions/A/CoreBluetooth
0x00007ff830ac9000 	/System/Library/Frameworks/AudioUnit.framework/Versions/A/AudioUnit
0x00007ff8274f2000 	/usr/lib/libMatch.1.dylib
0x00007ff928a43000 	/System/Library/CoreServices/RawCamera.bundle/Contents/MacOS/RawCamera
0x00007ff829ebb000 	/System/Library/PrivateFrameworks/MobileAsset.framework/Versions/A/MobileAsset
0x00007ff830af0000 	/System/Library/PrivateFrameworks/StreamingZip.framework/Versions/A/StreamingZip
0x00007ffb1d98d000 	/System/Library/PrivateFrameworks/CMPhoto.framework/Versions/A/CMPhoto
0x00007ff82ec99000 	/System/Library/PrivateFrameworks/AppleVPA.framework/Versions/A/AppleVPA
0x00007ff82889d000 	/System/Library/Frameworks/MediaToolbox.framework/Versions/A/MediaToolbox
0x00007ff82e143000 	/System/Library/PrivateFrameworks/CoreAVCHD.framework/Versions/A/CoreAVCHD
0x00007ff82d018000 	/System/Library/Frameworks/MediaAccessibility.framework/Versions/A/MediaAccessibility
0x00007ff82e13f000 	/System/Library/PrivateFrameworks/Mangrove.framework/Versions/A/Mangrove
0x00007ff82d023000 	/System/Library/PrivateFrameworks/AlgosScoreFramework.framework/Versions/A/AlgosScoreFramework
0x00007ff82dd84000 	/System/Library/PrivateFrameworks/CoreAUC.framework/Versions/A/CoreAUC
0x00007ff92626d000 	/System/Library/Frameworks/Accelerate.framework/Versions/A/Frameworks/vImage.framework/Versions/A/Libraries/libCGInterfaces.dylib
0x000000012c4bb000 	/usr/lib/libobjc-trampolines.dylib
0x00007ff82317a000 	/System/Library/PrivateFrameworks/ViewBridge.framework/Versions/A/ViewBridge
0x00007ff827c48000 	/System/Library/PrivateFrameworks/login.framework/Versions/A/login
0x00007ffb33ef6000 	/usr/lib/libRosetta.dylib
0x000000012db91000 	/Users/shu-yelin/Documents/GitHub/Bitcamp-2023/libs/natives/liblwjgl.dylib
0x0000000126ac5000 	/Users/shu-yelin/.p2/pool/plugins/org.eclipse.justj.openjdk.hotspot.jre.full.macosx.x86_64_17.0.4.v20220805-1047/jre/lib/libjawt.dylib
0x00007ffa3470e000 	/System/Library/Frameworks/OpenGL.framework/Versions/A/Resources/GLEngine.bundle/GLEngine
0x00007ffa34574000 	/System/Library/Frameworks/OpenGL.framework/Versions/A/Libraries/libGLProgrammability.dylib
0x000000012ddd1000 	/System/Library/Extensions/AppleMetalOpenGLRenderer.bundle/Contents/MacOS/AppleMetalOpenGLRenderer
0x00007ffa34898000 	/System/Library/Frameworks/OpenGL.framework/Versions/A/Resources/GLRendererFloat.bundle/GLRendererFloat
0x00007ffa37473000 	/System/Library/Extensions/AGXMetalG14G.bundle/Contents/MacOS/AGXMetalG14G
0x00007ff921c76000 	/System/Library/PrivateFrameworks/GPURawCounter.framework/Versions/A/GPURawCounter
0x00007ff91c57f000 	/System/Library/PrivateFrameworks/IOGPU.framework/Versions/A/IOGPU
0x000000012f284000 	/Users/shu-yelin/Documents/GitHub/Bitcamp-2023/libs/natives/libjinput-osx.dylib
0x00007ffa39eac000 	/System/Library/Frameworks/JavaVM.framework/Versions/A/JavaVM
0x000000012f2ee000 	/System/Library/Extensions/IOHIDFamily.kext/Contents/PlugIns/IOHIDLib.plugin/Contents/MacOS/IOHIDLib
0x00007ff921a2f000 	/System/Library/PrivateFrameworks/HIDAnalytics.framework/Versions/A/HIDAnalytics


VM Arguments:
jvm_args: -Djava.library.path=/Users/shu-yelin/Documents/GitHub/Bitcamp-2023/libs/natives -Dfile.encoding=UTF-8 -XX:+ShowCodeDetailsInExceptionMessages 
java_command: engine.Main
java_class_path (initial): /Users/shu-yelin/Documents/GitHub/Bitcamp-2023/bin:/Users/shu-yelin/Documents/GitHub/Bitcamp-2023/libs/jinput.jar:/Users/shu-yelin/Documents/GitHub/Bitcamp-2023/libs/jogg-0.0.7.jar:/Users/shu-yelin/Documents/GitHub/Bitcamp-2023/libs/jorbis-0.0.15.jar:/Users/shu-yelin/Documents/GitHub/Bitcamp-2023/libs/lwjgl.jar:/Users/shu-yelin/Documents/GitHub/Bitcamp-2023/libs/slick.jar
Launcher Type: SUN_STANDARD

[Global flags]
     intx CICompilerCount                          = 4                                         {product} {ergonomic}
     uint ConcGCThreads                            = 2                                         {product} {ergonomic}
     uint G1ConcRefinementThreads                  = 8                                         {product} {ergonomic}
   size_t G1HeapRegionSize                         = 1048576                                   {product} {ergonomic}
    uintx GCDrainStackTargetSize                   = 64                                        {product} {ergonomic}
   size_t InitialHeapSize                          = 134217728                                 {product} {ergonomic}
   size_t MarkStackSize                            = 4194304                                   {product} {ergonomic}
   size_t MaxHeapSize                              = 2147483648                                {product} {ergonomic}
   size_t MaxNewSize                               = 1287651328                                {product} {ergonomic}
   size_t MinHeapDeltaBytes                        = 1048576                                   {product} {ergonomic}
   size_t MinHeapSize                              = 8388608                                   {product} {ergonomic}
    uintx NonNMethodCodeHeapSize                   = 5839372                                {pd product} {ergonomic}
    uintx NonProfiledCodeHeapSize                  = 122909434                              {pd product} {ergonomic}
    uintx ProfiledCodeHeapSize                     = 122909434                              {pd product} {ergonomic}
    uintx ReservedCodeCacheSize                    = 251658240                              {pd product} {ergonomic}
     bool SegmentedCodeCache                       = true                                      {product} {ergonomic}
     bool ShowCodeDetailsInExceptionMessages       = true                                   {manageable} {command line}
   size_t SoftMaxHeapSize                          = 2147483648                             {manageable} {ergonomic}
     bool UseCompressedClassPointers               = true                           {product lp64_product} {ergonomic}
     bool UseCompressedOops                        = true                           {product lp64_product} {ergonomic}
     bool UseG1GC                                  = true                                      {product} {ergonomic}
     bool UseNUMA                                  = false                                     {product} {ergonomic}
     bool UseNUMAInterleaving                      = false                                     {product} {ergonomic}

Logging:
Log output configuration:
 #0: stdout all=warning uptime,level,tags
 #1: stderr all=off uptime,level,tags

Environment Variables:
PATH=/usr/bin:/bin:/usr/sbin:/sbin
SHELL=/bin/zsh
DISPLAY=/private/tmp/com.apple.launchd.qcFxPGtbCZ/org.xquartz:0
TMPDIR=/var/folders/k1/z24c78b10lj29fw4t3zpp4s80000gn/T/

Signal Handlers:
   SIGSEGV: _ZL13crash_handleriP9__siginfoPv in libjvm.dylib, mask=11100110100111111111111111111111, flags=SA_RESTART|SA_SIGINFO
    SIGBUS: _ZL13crash_handleriP9__siginfoPv in libjvm.dylib, mask=11100110100111111111111111111111, flags=SA_RESTART|SA_SIGINFO
    SIGFPE: _ZL13crash_handleriP9__siginfoPv in libjvm.dylib, mask=11100110100111111111111111111111, flags=SA_RESTART|SA_SIGINFO
   SIGPIPE: _ZL17javaSignalHandleriP9__siginfoPv in libjvm.dylib, mask=11100110100111111111111111111111, flags=SA_RESTART|SA_SIGINFO
   SIGXFSZ: _ZL17javaSignalHandleriP9__siginfoPv in libjvm.dylib, mask=11100110100111111111111111111111, flags=SA_RESTART|SA_SIGINFO
    SIGILL: _ZL13crash_handleriP9__siginfoPv in libjvm.dylib, mask=11100110100111111111111111111111, flags=SA_RESTART|SA_SIGINFO
   SIGUSR2: _ZL10SR_handleriP9__siginfoP17__darwin_ucontext in libjvm.dylib, mask=00100000000000000000000000000000, flags=SA_RESTART|SA_SIGINFO
    SIGHUP: _ZL11UserHandleriPvS_ in libjvm.dylib, mask=11100110100111111111111111111111, flags=SA_RESTART|SA_SIGINFO
    SIGINT: _ZL11UserHandleriPvS_ in libjvm.dylib, mask=11100110100111111111111111111111, flags=SA_RESTART|SA_SIGINFO
   SIGTERM: _ZL11UserHandleriPvS_ in libjvm.dylib, mask=11100110100111111111111111111111, flags=SA_RESTART|SA_SIGINFO
   SIGQUIT: _ZL11UserHandleriPvS_ in libjvm.dylib, mask=11100110100111111111111111111111, flags=SA_RESTART|SA_SIGINFO
  *** Handler was modified!
  *** Expected: _ZL17javaSignalHandleriP9__siginfoPv in libjvm.dylib, mask=11100110100111111111111111111111, flags=SA_RESTART|SA_SIGINFO
   SIGTRAP: _ZL13crash_handleriP9__siginfoPv in libjvm.dylib, mask=11100110100111111111111111111111, flags=SA_RESTART|SA_SIGINFO


---------------  S Y S T E M  ---------------

OS:
uname: Darwin 21.5.0 Darwin Kernel Version 21.5.0: Tue Apr 26 20:57:23 PDT 2022; root:xnu-8020.121.3~2/RELEASE_ARM64_T8110 x86_64
OS uptime: 0 days 4:52 hours
rlimit (soft/hard): STACK 8176k/65520k , CORE 0k/infinity , NPROC 1333/2000 , NOFILE 10240/infinity , AS infinity/infinity , CPU infinity/infinity , DATA infinity/infinity , FSIZE infinity/infinity , MEMLOCK infinity/infinity , RSS infinity/infinity
load average: 2.75 2.28 2.33

CPU: (EMULATED) total 8 (initial active 8) (1 cores per cpu, 1 threads per core) family 6 model 44 stepping 0 microcode 0x0, cx8, cmov, fxsr, mmx, sse, sse2, sse3, ssse3, sse4.1, sse4.2, popcnt, tsc, tscinvbit, aes, clmul, clflush

Memory: 4k page, physical 8388608k(18920k free), swap 3145728k(1442816k free)

vm_info: OpenJDK 64-Bit Server VM (17.0.4+8) for bsd-amd64 JRE (17.0.4+8), built on Jul 19 2022 20:57:41 by "temurin" with clang 4.2.1 Compatible Apple LLVM 10.0.1 (clang-1001.0.46.4)

END.
